Starting server...
Acceptor running on port: 6667
Connection joined: 127.0.0.1
User Clowbn:0 logged in.
Recieved message from connection "127.0.0.1": Lol....
Processing Clowbn:0
Processing Clowbn:0
Processing Clowbn:0
Processing Clowbn:0
Processing Clowbn:0
Recieved message from connection "127.0.0.1": Lol....
Processing Clowbn:0
Processing Clowbn:0
Processing Clowbn:0
Processing Clowbn:0
Processing Clowbn:0
Recieved message from connection "127.0.0.1": Lol....
Processing Clowbn:0
Processing Clowbn:0
Processing Clowbn:0
Processing Clowbn:0
Processing Clowbn:0
Recieved message from connection "127.0.0.1": Lol....
Processing Clowbn:0
Processing Clowbn:0
Processing Clowbn:0
Processing Clowbn:0
Processing Clowbn:0
Recieved message from connection "127.0.0.1": Lol....
Processing Clowbn:0
Processing Clowbn:0
Processing Clowbn:0
Processing Clowbn:0
Processing Clowbn:0
Recieved message from connection "127.0.0.1": Lol....
Processing Clowbn:0
Processing Clowbn:0
Processing Clowbn:0
Processing Clowbn:0
Processing Clowbn:0
Recieved message from connection "127.0.0.1": Lol....
Processing Clowbn:0
Processing Clowbn:0
Processing Clowbn:0
Processing Clowbn:0
Processing Clowbn:0
Recieved message from connection "127.0.0.1": Lol....
Processing Clowbn:0
Processing Clowbn:0
Processing Clowbn:0
Processing Clowbn:0
Processing Clowbn:0
Recieved message from connection "127.0.0.1": Lol....
Processing Clowbn:0
Processing Clowbn:0
Processing Clowbn:0
Processing Clowbn:0
Processing Clowbn:0
Recieved message from connection "127.0.0.1": Lol....
Processing Clowbn:0
Processing Clowbn:0
Processing Clowbn:0
Processing Clowbn:0
Processing Clowbn:0
Recieved message from connection "127.0.0.1": Lol....
Processing Clowbn:0
Processing Clowbn:0
Processing Clowbn:0
Processing Clowbn:0
Processing Clowbn:0
Recieved message from connection "127.0.0.1": Lol....
Processing Clowbn:0
Processing Clowbn:0
Average tick time since last autosave: 5ms.
Processing Clowbn:0
Processing Clowbn:0
Saved 1 users in 0ms.
Processing Clowbn:0
Recieved message from connection "127.0.0.1": Lol....
Processing Clowbn:0
Processing Clowbn:0
Processing Clowbn:0
Processing Clowbn:0
Processing Clowbn:0
Recieved message from connection "127.0.0.1": Lol....
Processing Clowbn:0
Processing Clowbn:0
Processing Clowbn:0
Processing Clowbn:0
Processing Clowbn:0
Recieved message from connection "127.0.0.1": Lol....
Processing Clowbn:0
Processing Clowbn:0
Processing Clowbn:0
Processing Clowbn:0
Processing Clowbn:0
Recieved message from connection "127.0.0.1": Lol....
Processing Clowbn:0
Processing Clowbn:0
Processing Clowbn:0
Processing Clowbn:0
Recieved message from connection "127.0.0.1": Lol....
Processing Clowbn:0
Processing Clowbn:0
Processing Clowbn:0
Processing Clowbn:0
Saved all users before going down.
